[ 2018-06-27T09:12:31+08:00 ] 127.0.0.1 /
INFO: [ app_init ] --START--
INFO: Run Behavior\BuildLiteBehavior [ RunTime:0.000000s ]
INFO: [ app_init ] --END-- [ RunTime:0.001000s ]
INFO: [ app_begin ] --START--
INFO: Run Behavior\ReadHtmlCacheBehavior [ RunTime:0.001000s ]
INFO: [ app_begin ] --END-- [ RunTime:0.001000s ]
NOTIC: [8192] mysql_connect(): The mysql extension is deprecated and will be removed in the future: use mysqli or PDO instead D:\phpStudy\WWW\server-php\ThinkPHP\Library\Think\Session\Driver\Db.class.php 第 95 行.

[ 2018-06-27T09:12:31+08:00 ] 127.0.0.1 /index.php/Admin/Login.html
INFO: [ app_init ] --START--
INFO: Run Behavior\BuildLiteBehavior [ RunTime:0.000000s ]
INFO: [ app_init ] --END-- [ RunTime:0.001000s ]
INFO: [ app_begin ] --START--
INFO: Run Behavior\ReadHtmlCacheBehavior [ RunTime:0.000000s ]
INFO: [ app_begin ] --END-- [ RunTime:0.000000s ]
NOTIC: [8192] mysql_connect(): The mysql extension is deprecated and will be removed in the future: use mysqli or PDO instead D:\phpStudy\WWW\server-php\ThinkPHP\Library\Think\Session\Driver\Db.class.php 第 95 行.
NOTIC: [8] Undefined index: user_id D:\phpStudy\WWW\server-php\Application\Admin\Controller\BaseController.class.php 第 1060 行.
INFO: [ view_parse ] --START--
INFO: [ template_filter ] --START--
INFO: Run Behavior\ContentReplaceBehavior [ RunTime:0.000000s ]
INFO: [ template_filter ] --END-- [ RunTime:0.000000s ]
INFO: Run Behavior\ParseTemplateBehavior [ RunTime:0.011001s ]
INFO: [ view_parse ] --END-- [ RunTime:0.011001s ]
INFO: [ view_filter ] --START--
INFO: Run Behavior\WriteHtmlCacheBehavior [ RunTime:0.000000s ]
INFO: [ view_filter ] --END-- [ RunTime:0.000000s ]
INFO: [ app_end ] --START--
INFO: Run Behavior\ShowPageTraceBehavior [ RunTime:0.001000s ]
INFO: [ app_end ] --END-- [ RunTime:0.001000s ]

[ 2018-06-27T09:12:39+08:00 ] 127.0.0.1 /index.php/Admin/Login/login_handle
INFO: [ app_init ] --START--
INFO: Run Behavior\BuildLiteBehavior [ RunTime:0.000000s ]
INFO: [ app_init ] --END-- [ RunTime:0.001001s ]
INFO: [ app_begin ] --START--
INFO: Run Behavior\ReadHtmlCacheBehavior [ RunTime:0.001000s ]
INFO: [ app_begin ] --END-- [ RunTime:0.001000s ]
NOTIC: [8192] mysql_connect(): The mysql extension is deprecated and will be removed in the future: use mysqli or PDO instead D:\phpStudy\WWW\server-php\ThinkPHP\Library\Think\Session\Driver\Db.class.php 第 95 行.
NOTIC: [8] Undefined index: user_id D:\phpStudy\WWW\server-php\Application\Admin\Controller\BaseController.class.php 第 1060 行.
SQL: SHOW COLUMNS FROM `think_user` [ RunTime:0.0080s ]
SQL: SHOW COLUMNS FROM `think_user` [ RunTime:0.0080s ]
SQL: SELECT `user_id`,`status`,`password`,`username`,`name`,`phone`,`api_id`,`security_key`,`type` FROM `think_user` WHERE (  `username` = 'admin' OR `phone` = 'admin' ) LIMIT 1   [ RunTime:0.0070s ]
SQL: SHOW COLUMNS FROM `think_user` [ RunTime:0.0080s ]
NOTIC: [2] Missing argument 2 for Common\Logic\AdminUserLogic::setLogin(), called in D:\phpStudy\WWW\server-php\Application\Admin\Controller\LoginController.class.php on line 51 and defined D:\phpStudy\WWW\server-php\Application\Common\Logic\AdminuserLogic.class.php 第 11 行.
SQL: UPDATE `think_user` SET `last_time`='2018-06-27 09:12:39',`ip`='127.0.0.1' WHERE `user_id` = 8 [ RunTime:0.0180s ]
NOTIC: [8] Undefined index: email D:\phpStudy\WWW\server-php\Application\Common\Logic\AdminuserLogic.class.php 第 28 行.

[ 2018-06-27T09:12:43+08:00 ] 127.0.0.1 /index.php/Admin/Index.html
INFO: [ app_init ] --START--
INFO: Run Behavior\BuildLiteBehavior [ RunTime:0.000000s ]
INFO: [ app_init ] --END-- [ RunTime:0.001000s ]
INFO: [ app_begin ] --START--
INFO: Run Behavior\ReadHtmlCacheBehavior [ RunTime:0.000000s ]
INFO: [ app_begin ] --END-- [ RunTime:0.000000s ]
NOTIC: [8192] mysql_connect(): The mysql extension is deprecated and will be removed in the future: use mysqli or PDO instead D:\phpStudy\WWW\server-php\ThinkPHP\Library\Think\Session\Driver\Db.class.php 第 95 行.
SQL: SHOW COLUMNS FROM `think_auth_group_access` [ RunTime:0.0070s ]
SQL: SELECT * FROM `think_auth_group_access` WHERE `uid` = 8 LIMIT 1   [ RunTime:0.0070s ]
SQL: SHOW COLUMNS FROM `think_auth_rule` [ RunTime:0.0080s ]
SQL: SELECT * FROM `think_auth_rule` WHERE `ismenu` = 2 ORDER BY sort asc  [ RunTime:0.0070s ]
SQL: SHOW COLUMNS FROM `think_auth_group` [ RunTime:0.0070s ]
SQL: SELECT * FROM `think_auth_group` WHERE `id` = 2 LIMIT 1   [ RunTime:0.0080s ]
SQL: SHOW COLUMNS FROM `think_auth_rule` [ RunTime:0.0080s ]
SQL: SELECT * FROM `think_auth_rule` WHERE `ismenu` <> 2 AND `pid` = 302 AND `status` = 1 ORDER BY sort asc  [ RunTime:0.0090s ]
SQL: SELECT * FROM `think_auth_group` WHERE `id` = 2 LIMIT 1   [ RunTime:0.0070s ]
SQL: SELECT * FROM `think_auth_rule` WHERE `ismenu` <> 2 AND `pid` = 302 AND `status` = 1 ORDER BY sort asc  [ RunTime:0.0070s ]
SQL: SELECT * FROM `think_auth_group` WHERE `id` = 2 LIMIT 1   [ RunTime:0.0070s ]
SQL: SELECT * FROM `think_auth_rule` WHERE `ismenu` <> 2 AND `pid` = 305 AND `status` = 1 ORDER BY sort asc  [ RunTime:0.0070s ]
SQL: SELECT * FROM `think_auth_group` WHERE `id` = 2 LIMIT 1   [ RunTime:0.0070s ]
SQL: SELECT * FROM `think_auth_rule` WHERE `ismenu` <> 2 AND `pid` = 305 AND `status` = 1 ORDER BY sort asc  [ RunTime:0.0070s ]
SQL: SELECT * FROM `think_auth_group` WHERE `id` = 2 LIMIT 1   [ RunTime:0.0070s ]
SQL: SELECT * FROM `think_auth_rule` WHERE `ismenu` <> 2 AND `pid` = 307 AND `status` = 1 ORDER BY sort asc  [ RunTime:0.0070s ]
SQL: SELECT * FROM `think_auth_group` WHERE `id` = 2 LIMIT 1   [ RunTime:0.0070s ]
SQL: SELECT * FROM `think_auth_rule` WHERE `ismenu` <> 2 AND `pid` = 307 AND `status` = 1 ORDER BY sort asc  [ RunTime:0.0070s ]
SQL: SELECT * FROM `think_auth_group` WHERE `id` = 2 LIMIT 1   [ RunTime:0.0070s ]
SQL: SELECT * FROM `think_auth_rule` WHERE `ismenu` <> 2 AND `pid` = 309 AND `status` = 1 ORDER BY sort asc  [ RunTime:0.0070s ]
SQL: SELECT * FROM `think_auth_group` WHERE `id` = 2 LIMIT 1   [ RunTime:0.0060s ]
SQL: SELECT * FROM `think_auth_rule` WHERE `ismenu` <> 2 AND `pid` = 309 AND `status` = 1 ORDER BY sort asc  [ RunTime:0.0060s ]
SQL: SELECT * FROM `think_auth_group` WHERE `id` = 2 LIMIT 1   [ RunTime:0.0070s ]
SQL: SELECT * FROM `think_auth_rule` WHERE `ismenu` <> 2 AND `pid` = 299 AND `status` = 1 ORDER BY sort asc  [ RunTime:0.0070s ]
SQL: SELECT * FROM `think_auth_group` WHERE `id` = 2 LIMIT 1   [ RunTime:0.0070s ]
SQL: SELECT * FROM `think_auth_rule` WHERE `ismenu` <> 2 AND `pid` = 299 AND `status` = 1 ORDER BY sort asc  [ RunTime:0.0070s ]
SQL: SELECT * FROM `think_auth_group` WHERE `id` = 2 LIMIT 1   [ RunTime:0.0070s ]
SQL: SELECT * FROM `think_auth_rule` WHERE `ismenu` <> 2 AND `pid` = 300 AND `status` = 1 ORDER BY sort asc  [ RunTime:0.0070s ]
SQL: SELECT * FROM `think_auth_group` WHERE `id` = 2 LIMIT 1   [ RunTime:0.0070s ]
SQL: SELECT * FROM `think_auth_rule` WHERE `ismenu` <> 2 AND `pid` = 300 AND `status` = 1 ORDER BY sort asc  [ RunTime:0.0070s ]
SQL: SELECT * FROM `think_auth_group` WHERE `id` = 2 LIMIT 1   [ RunTime:0.0070s ]
SQL: SELECT * FROM `think_auth_rule` WHERE `ismenu` <> 2 AND `pid` = 301 AND `status` = 1 ORDER BY sort asc  [ RunTime:0.0070s ]
SQL: SELECT * FROM `think_auth_group` WHERE `id` = 2 LIMIT 1   [ RunTime:0.0070s ]
SQL: SELECT * FROM `think_auth_rule` WHERE `ismenu` <> 2 AND `pid` = 301 AND `status` = 1 ORDER BY sort asc  [ RunTime:0.0070s ]
SQL: SELECT * FROM `think_auth_group` WHERE `id` = 2 LIMIT 1   [ RunTime:0.0070s ]
SQL: SELECT * FROM `think_auth_rule` WHERE `ismenu` <> 2 AND `pid` = 304 AND `status` = 1 ORDER BY sort asc  [ RunTime:0.0070s ]
SQL: SELECT * FROM `think_auth_group` WHERE `id` = 2 LIMIT 1   [ RunTime:0.0070s ]
SQL: SELECT * FROM `think_auth_rule` WHERE `ismenu` <> 2 AND `pid` = 304 AND `status` = 1 ORDER BY sort asc  [ RunTime:0.0070s ]
SQL: SELECT * FROM `think_auth_group` WHERE `id` = 2 LIMIT 1   [ RunTime:0.0070s ]
SQL: SELECT * FROM `think_auth_rule` WHERE `ismenu` <> 2 AND `pid` = 311 AND `status` = 1 ORDER BY sort asc  [ RunTime:0.0070s ]
SQL: SELECT * FROM `think_auth_group` WHERE `id` = 2 LIMIT 1   [ RunTime:0.0060s ]
SQL: SELECT * FROM `think_auth_rule` WHERE `ismenu` <> 2 AND `pid` = 311 AND `status` = 1 ORDER BY sort asc  [ RunTime:0.0070s ]
SQL: SELECT * FROM `think_auth_group` WHERE `id` = 2 LIMIT 1   [ RunTime:0.0060s ]
SQL: SELECT * FROM `think_auth_rule` WHERE `ismenu` <> 2 AND `pid` = 320 AND `status` = 1 ORDER BY sort asc  [ RunTime:0.0070s ]
SQL: SELECT * FROM `think_auth_group` WHERE `id` = 2 LIMIT 1   [ RunTime:0.0070s ]
SQL: SELECT * FROM `think_auth_rule` WHERE `ismenu` <> 2 AND `pid` = 320 AND `status` = 1 ORDER BY sort asc  [ RunTime:0.0070s ]
SQL: SELECT * FROM `think_auth_group` WHERE `id` = 2 LIMIT 1   [ RunTime:0.0070s ]
SQL: SELECT * FROM `think_auth_rule` WHERE `ismenu` <> 2 AND `pid` = 323 AND `status` = 1 ORDER BY sort asc  [ RunTime:0.0070s ]
SQL: SELECT * FROM `think_auth_group` WHERE `id` = 2 LIMIT 1   [ RunTime:0.0070s ]
SQL: SELECT * FROM `think_auth_rule` WHERE `ismenu` <> 2 AND `pid` = 323 AND `status` = 1 ORDER BY sort asc  [ RunTime:0.0140s ]
SQL: SELECT * FROM `think_auth_group` WHERE `id` = 2 LIMIT 1   [ RunTime:0.0070s ]
SQL: SELECT * FROM `think_auth_rule` WHERE `ismenu` <> 2 AND `pid` = 303 AND `status` = 1 ORDER BY sort asc  [ RunTime:0.0070s ]
SQL: SELECT * FROM `think_auth_group` WHERE `id` = 2 LIMIT 1   [ RunTime:0.0070s ]
SQL: SELECT * FROM `think_auth_rule` WHERE `ismenu` <> 2 AND `pid` = 303 AND `status` = 1 ORDER BY sort asc  [ RunTime:0.0090s ]
SQL: SELECT * FROM `think_auth_group` WHERE `id` = 2 LIMIT 1   [ RunTime:0.0060s ]
SQL: SELECT * FROM `think_auth_rule` WHERE `ismenu` <> 2 AND `pid` = 306 AND `status` = 1 ORDER BY sort asc  [ RunTime:0.0070s ]
SQL: SELECT * FROM `think_auth_group` WHERE `id` = 2 LIMIT 1   [ RunTime:0.0070s ]
SQL: SELECT * FROM `think_auth_rule` WHERE `ismenu` <> 2 AND `pid` = 306 AND `status` = 1 ORDER BY sort asc  [ RunTime:0.0150s ]
SQL: SELECT * FROM `think_auth_group` WHERE `id` = 2 LIMIT 1   [ RunTime:0.0070s ]
SQL: SELECT * FROM `think_auth_rule` WHERE `ismenu` <> 2 AND `pid` = 340 AND `status` = 1 ORDER BY sort asc  [ RunTime:0.0130s ]
SQL: SELECT * FROM `think_auth_group` WHERE `id` = 2 LIMIT 1   [ RunTime:0.0060s ]
SQL: SELECT * FROM `think_auth_rule` WHERE `ismenu` <> 2 AND `pid` = 340 AND `status` = 1 ORDER BY sort asc  [ RunTime:0.0060s ]
SQL: SELECT * FROM `think_auth_group` WHERE `id` = 2 LIMIT 1   [ RunTime:0.0060s ]
SQL: SELECT * FROM `think_auth_rule` WHERE `ismenu` <> 2 AND `pid` = 341 AND `status` = 1 ORDER BY sort asc  [ RunTime:0.0070s ]
SQL: SELECT * FROM `think_auth_group` WHERE `id` = 2 LIMIT 1   [ RunTime:0.0080s ]
SQL: SELECT * FROM `think_auth_rule` WHERE `ismenu` <> 2 AND `pid` = 341 AND `status` = 1 ORDER BY sort asc  [ RunTime:0.0070s ]
SQL: SHOW COLUMNS FROM `sch_school_information` [ RunTime:0.0070s ]
SQL: SELECT * FROM `sch_school_information` ORDER BY s_id desc LIMIT 1   [ RunTime:0.0080s ]
INFO: [ view_parse ] --START--
INFO: [ template_filter ] --START--
INFO: Run Behavior\ContentReplaceBehavior [ RunTime:0.000000s ]
INFO: [ template_filter ] --END-- [ RunTime:0.000000s ]
INFO: Run Behavior\ParseTemplateBehavior [ RunTime:0.011001s ]
INFO: [ view_parse ] --END-- [ RunTime:0.011001s ]
INFO: [ view_filter ] --START--
INFO: Run Behavior\WriteHtmlCacheBehavior [ RunTime:0.006000s ]
INFO: [ view_filter ] --END-- [ RunTime:0.006000s ]
INFO: [ app_end ] --START--
INFO: Run Behavior\ShowPageTraceBehavior [ RunTime:0.000000s ]
INFO: [ app_end ] --END-- [ RunTime:0.000000s ]

[ 2018-06-27T09:12:46+08:00 ] 127.0.0.1 /index.php/Admin/School/SchInformation/query
INFO: [ app_init ] --START--
INFO: Run Behavior\BuildLiteBehavior [ RunTime:0.000000s ]
INFO: [ app_init ] --END-- [ RunTime:0.001000s ]
INFO: [ app_begin ] --START--
INFO: Run Behavior\ReadHtmlCacheBehavior [ RunTime:0.001000s ]
INFO: [ app_begin ] --END-- [ RunTime:0.001000s ]
NOTIC: [8192] mysql_connect(): The mysql extension is deprecated and will be removed in the future: use mysqli or PDO instead D:\phpStudy\WWW\server-php\ThinkPHP\Library\Think\Session\Driver\Db.class.php 第 95 行.
SQL: SHOW COLUMNS FROM `think_auth_group_access` [ RunTime:0.0070s ]
SQL: SELECT * FROM `think_auth_group_access` WHERE `uid` = 8 LIMIT 1   [ RunTime:0.0080s ]
SQL: SHOW COLUMNS FROM `think_auth_rule` [ RunTime:0.0210s ]
SQL: SELECT * FROM `think_auth_rule` WHERE `ismenu` = 2 ORDER BY sort asc  [ RunTime:0.0090s ]
SQL: SHOW COLUMNS FROM `think_auth_group` [ RunTime:0.0070s ]
SQL: SELECT * FROM `think_auth_group` WHERE `id` = 2 LIMIT 1   [ RunTime:0.0120s ]
SQL: SHOW COLUMNS FROM `think_auth_rule` [ RunTime:0.0320s ]
SQL: SELECT * FROM `think_auth_rule` WHERE `ismenu` <> 2 AND `pid` = 302 AND `status` = 1 ORDER BY sort asc  [ RunTime:0.0140s ]
SQL: SELECT * FROM `think_auth_group` WHERE `id` = 2 LIMIT 1   [ RunTime:0.0090s ]
SQL: SELECT * FROM `think_auth_rule` WHERE `ismenu` <> 2 AND `pid` = 302 AND `status` = 1 ORDER BY sort asc  [ RunTime:0.0080s ]
SQL: SELECT * FROM `think_auth_group` WHERE `id` = 2 LIMIT 1   [ RunTime:0.0070s ]
SQL: SELECT * FROM `think_auth_rule` WHERE `ismenu` <> 2 AND `pid` = 305 AND `status` = 1 ORDER BY sort asc  [ RunTime:0.0070s ]
SQL: SELECT * FROM `think_auth_group` WHERE `id` = 2 LIMIT 1   [ RunTime:0.0070s ]
SQL: SELECT * FROM `think_auth_rule` WHERE `ismenu` <> 2 AND `pid` = 305 AND `status` = 1 ORDER BY sort asc  [ RunTime:0.0070s ]
SQL: SELECT * FROM `think_auth_group` WHERE `id` = 2 LIMIT 1   [ RunTime:0.0070s ]
SQL: SELECT * FROM `think_auth_rule` WHERE `ismenu` <> 2 AND `pid` = 307 AND `status` = 1 ORDER BY sort asc  [ RunTime:0.0090s ]
SQL: SELECT * FROM `think_auth_group` WHERE `id` = 2 LIMIT 1   [ RunTime:0.0060s ]
SQL: SELECT * FROM `think_auth_rule` WHERE `ismenu` <> 2 AND `pid` = 307 AND `status` = 1 ORDER BY sort asc  [ RunTime:0.0070s ]
SQL: SELECT * FROM `think_auth_group` WHERE `id` = 2 LIMIT 1   [ RunTime:0.0080s ]
SQL: SELECT * FROM `think_auth_rule` WHERE `ismenu` <> 2 AND `pid` = 309 AND `status` = 1 ORDER BY sort asc  [ RunTime:0.0080s ]
SQL: SELECT * FROM `think_auth_group` WHERE `id` = 2 LIMIT 1   [ RunTime:0.0080s ]
SQL: SELECT * FROM `think_auth_rule` WHERE `ismenu` <> 2 AND `pid` = 309 AND `status` = 1 ORDER BY sort asc  [ RunTime:0.0100s ]
SQL: SELECT * FROM `think_auth_group` WHERE `id` = 2 LIMIT 1   [ RunTime:0.0080s ]
SQL: SELECT * FROM `think_auth_rule` WHERE `ismenu` <> 2 AND `pid` = 299 AND `status` = 1 ORDER BY sort asc  [ RunTime:0.0070s ]
SQL: SELECT * FROM `think_auth_group` WHERE `id` = 2 LIMIT 1   [ RunTime:0.0080s ]
SQL: SELECT * FROM `think_auth_rule` WHERE `ismenu` <> 2 AND `pid` = 299 AND `status` = 1 ORDER BY sort asc  [ RunTime:0.0070s ]
SQL: SELECT * FROM `think_auth_group` WHERE `id` = 2 LIMIT 1   [ RunTime:0.0070s ]
SQL: SELECT * FROM `think_auth_rule` WHERE `ismenu` <> 2 AND `pid` = 300 AND `status` = 1 ORDER BY sort asc  [ RunTime:0.0070s ]
SQL: SELECT * FROM `think_auth_group` WHERE `id` = 2 LIMIT 1   [ RunTime:0.0080s ]
SQL: SELECT * FROM `think_auth_rule` WHERE `ismenu` <> 2 AND `pid` = 300 AND `status` = 1 ORDER BY sort asc  [ RunTime:0.0070s ]
SQL: SELECT * FROM `think_auth_group` WHERE `id` = 2 LIMIT 1   [ RunTime:0.0070s ]
SQL: SELECT * FROM `think_auth_rule` WHERE `ismenu` <> 2 AND `pid` = 301 AND `status` = 1 ORDER BY sort asc  [ RunTime:0.0070s ]
SQL: SELECT * FROM `think_auth_group` WHERE `id` = 2 LIMIT 1   [ RunTime:0.0080s ]
SQL: SELECT * FROM `think_auth_rule` WHERE `ismenu` <> 2 AND `pid` = 301 AND `status` = 1 ORDER BY sort asc  [ RunTime:0.0070s ]
SQL: SELECT * FROM `think_auth_group` WHERE `id` = 2 LIMIT 1   [ RunTime:0.0070s ]
SQL: SELECT * FROM `think_auth_rule` WHERE `ismenu` <> 2 AND `pid` = 304 AND `status` = 1 ORDER BY sort asc  [ RunTime:0.0080s ]
SQL: SELECT * FROM `think_auth_group` WHERE `id` = 2 LIMIT 1   [ RunTime:0.0100s ]
SQL: SELECT * FROM `think_auth_rule` WHERE `ismenu` <> 2 AND `pid` = 304 AND `status` = 1 ORDER BY sort asc  [ RunTime:0.0190s ]
SQL: SELECT * FROM `think_auth_group` WHERE `id` = 2 LIMIT 1   [ RunTime:0.0070s ]
SQL: SELECT * FROM `think_auth_rule` WHERE `ismenu` <> 2 AND `pid` = 311 AND `status` = 1 ORDER BY sort asc  [ RunTime:0.0070s ]
SQL: SELECT * FROM `think_auth_group` WHERE `id` = 2 LIMIT 1   [ RunTime:0.0070s ]
SQL: SELECT * FROM `think_auth_rule` WHERE `ismenu` <> 2 AND `pid` = 311 AND `status` = 1 ORDER BY sort asc  [ RunTime:0.0080s ]
SQL: SELECT * FROM `think_auth_group` WHERE `id` = 2 LIMIT 1   [ RunTime:0.0070s ]
SQL: SELECT * FROM `think_auth_rule` WHERE `ismenu` <> 2 AND `pid` = 320 AND `status` = 1 ORDER BY sort asc  [ RunTime:0.0070s ]
SQL: SELECT * FROM `think_auth_group` WHERE `id` = 2 LIMIT 1   [ RunTime:0.0070s ]
SQL: SELECT * FROM `think_auth_rule` WHERE `ismenu` <> 2 AND `pid` = 320 AND `status` = 1 ORDER BY sort asc  [ RunTime:0.0070s ]
SQL: SELECT * FROM `think_auth_group` WHERE `id` = 2 LIMIT 1   [ RunTime:0.0070s ]
SQL: SELECT * FROM `think_auth_rule` WHERE `ismenu` <> 2 AND `pid` = 323 AND `status` = 1 ORDER BY sort asc  [ RunTime:0.0080s ]
SQL: SELECT * FROM `think_auth_group` WHERE `id` = 2 LIMIT 1   [ RunTime:0.0070s ]
SQL: SELECT * FROM `think_auth_rule` WHERE `ismenu` <> 2 AND `pid` = 323 AND `status` = 1 ORDER BY sort asc  [ RunTime:0.0070s ]
SQL: SELECT * FROM `think_auth_group` WHERE `id` = 2 LIMIT 1   [ RunTime:0.0060s ]
SQL: SELECT * FROM `think_auth_rule` WHERE `ismenu` <> 2 AND `pid` = 303 AND `status` = 1 ORDER BY sort asc  [ RunTime:0.0070s ]
SQL: SELECT * FROM `think_auth_group` WHERE `id` = 2 LIMIT 1   [ RunTime:0.0070s ]
SQL: SELECT * FROM `think_auth_rule` WHERE `ismenu` <> 2 AND `pid` = 303 AND `status` = 1 ORDER BY sort asc  [ RunTime:0.0070s ]
SQL: SELECT * FROM `think_auth_group` WHERE `id` = 2 LIMIT 1   [ RunTime:0.0070s ]
SQL: SELECT * FROM `think_auth_rule` WHERE `ismenu` <> 2 AND `pid` = 306 AND `status` = 1 ORDER BY sort asc  [ RunTime:0.0070s ]
SQL: SELECT * FROM `think_auth_group` WHERE `id` = 2 LIMIT 1   [ RunTime:0.0070s ]
SQL: SELECT * FROM `think_auth_rule` WHERE `ismenu` <> 2 AND `pid` = 306 AND `status` = 1 ORDER BY sort asc  [ RunTime:0.0070s ]
SQL: SELECT * FROM `think_auth_group` WHERE `id` = 2 LIMIT 1   [ RunTime:0.0070s ]
SQL: SELECT * FROM `think_auth_rule` WHERE `ismenu` <> 2 AND `pid` = 340 AND `status` = 1 ORDER BY sort asc  [ RunTime:0.0070s ]
SQL: SELECT * FROM `think_auth_group` WHERE `id` = 2 LIMIT 1   [ RunTime:0.0070s ]
SQL: SELECT * FROM `think_auth_rule` WHERE `ismenu` <> 2 AND `pid` = 340 AND `status` = 1 ORDER BY sort asc  [ RunTime:0.0070s ]
SQL: SELECT * FROM `think_auth_group` WHERE `id` = 2 LIMIT 1   [ RunTime:0.0060s ]
SQL: SELECT * FROM `think_auth_rule` WHERE `ismenu` <> 2 AND `pid` = 341 AND `status` = 1 ORDER BY sort asc  [ RunTime:0.0070s ]
SQL: SELECT * FROM `think_auth_group` WHERE `id` = 2 LIMIT 1   [ RunTime:0.0070s ]
SQL: SELECT * FROM `think_auth_rule` WHERE `ismenu` <> 2 AND `pid` = 341 AND `status` = 1 ORDER BY sort asc  [ RunTime:0.0060s ]
SQL: SHOW COLUMNS FROM `sch_school_information` [ RunTime:0.0080s ]
SQL: SELECT * FROM `sch_school_information` WHERE `u_id` = 8 LIMIT 1   [ RunTime:0.0210s ]
SQL: SHOW COLUMNS FROM `sch_student_parent` [ RunTime:0.0090s ]
SQL: SELECT * FROM `sch_student_parent` WHERE `u_id` = 8 LIMIT 1   [ RunTime:0.0090s ]
SQL: SHOW COLUMNS FROM `sch_teacher` [ RunTime:0.0080s ]
SQL: SELECT * FROM `sch_teacher` WHERE `u_id` = 8 LIMIT 1   [ RunTime:0.0070s ]
NOTIC: [8] Undefined variable: stuId D:\phpStudy\WWW\server-php\Application\Admin\Controller\BaseController.class.php 第 1130 行.
NOTIC: [8] Undefined variable: tId D:\phpStudy\WWW\server-php\Application\Admin\Controller\BaseController.class.php 第 1130 行.
SQL: SELECT * FROM `sch_school_information` ORDER BY s_id desc  [ RunTime:0.0150s ]
SQL: SHOW COLUMNS FROM `sch_area_region` [ RunTime:0.0070s ]
SQL: SELECT `region_code`,`region_name` FROM `sch_area_region`  [ RunTime:0.0380s ]
NOTIC: [8] Undefined index: sex D:\phpStudy\WWW\server-php\Application\Common\Model\SchoolInformationModel.class.php 第 78 行.
NOTIC: [8] Undefined index:  D:\phpStudy\WWW\server-php\Application\Common\Model\SchoolInformationModel.class.php 第 78 行.
NOTIC: [8] Undefined index: sex D:\phpStudy\WWW\server-php\Application\Common\Model\SchoolInformationModel.class.php 第 78 行.
NOTIC: [8] Undefined index:  D:\phpStudy\WWW\server-php\Application\Common\Model\SchoolInformationModel.class.php 第 78 行.
NOTIC: [8] Undefined index: sex D:\phpStudy\WWW\server-php\Application\Common\Model\SchoolInformationModel.class.php 第 78 行.
NOTIC: [8] Undefined index:  D:\phpStudy\WWW\server-php\Application\Common\Model\SchoolInformationModel.class.php 第 78 行.
NOTIC: [8] Undefined index: sex D:\phpStudy\WWW\server-php\Application\Common\Model\SchoolInformationModel.class.php 第 78 行.
NOTIC: [8] Undefined index:  D:\phpStudy\WWW\server-php\Application\Common\Model\SchoolInformationModel.class.php 第 78 行.
NOTIC: [8] Undefined index: sex D:\phpStudy\WWW\server-php\Application\Common\Model\SchoolInformationModel.class.php 第 78 行.
NOTIC: [8] Undefined index:  D:\phpStudy\WWW\server-php\Application\Common\Model\SchoolInformationModel.class.php 第 78 行.
NOTIC: [8] Undefined index: sex D:\phpStudy\WWW\server-php\Application\Common\Model\SchoolInformationModel.class.php 第 78 行.
NOTIC: [8] Undefined index:  D:\phpStudy\WWW\server-php\Application\Common\Model\SchoolInformationModel.class.php 第 78 行.
NOTIC: [8] Undefined index: sex D:\phpStudy\WWW\server-php\Application\Common\Model\SchoolInformationModel.class.php 第 78 行.
NOTIC: [8] Undefined index:  D:\phpStudy\WWW\server-php\Application\Common\Model\SchoolInformationModel.class.php 第 78 行.
NOTIC: [8] Undefined index: sex D:\phpStudy\WWW\server-php\Application\Common\Model\SchoolInformationModel.class.php 第 78 行.
NOTIC: [8] Undefined index:  D:\phpStudy\WWW\server-php\Application\Common\Model\SchoolInformationModel.class.php 第 78 行.
NOTIC: [8] Undefined index: sex D:\phpStudy\WWW\server-php\Application\Common\Model\SchoolInformationModel.class.php 第 78 行.
NOTIC: [8] Undefined index:  D:\phpStudy\WWW\server-php\Application\Common\Model\SchoolInformationModel.class.php 第 78 行.
NOTIC: [8] Undefined index: sex D:\phpStudy\WWW\server-php\Application\Common\Model\SchoolInformationModel.class.php 第 78 行.
NOTIC: [8] Undefined index:  D:\phpStudy\WWW\server-php\Application\Common\Model\SchoolInformationModel.class.php 第 78 行.
NOTIC: [8] Undefined index: sex D:\phpStudy\WWW\server-php\Application\Common\Model\SchoolInformationModel.class.php 第 78 行.
NOTIC: [8] Undefined index:  D:\phpStudy\WWW\server-php\Application\Common\Model\SchoolInformationModel.class.php 第 78 行.
NOTIC: [8] Undefined index: sex D:\phpStudy\WWW\server-php\Application\Common\Model\SchoolInformationModel.class.php 第 78 行.
NOTIC: [8] Undefined index:  D:\phpStudy\WWW\server-php\Application\Common\Model\SchoolInformationModel.class.php 第 78 行.
NOTIC: [8] Undefined index: sex D:\phpStudy\WWW\server-php\Application\Common\Model\SchoolInformationModel.class.php 第 78 行.
NOTIC: [8] Undefined index:  D:\phpStudy\WWW\server-php\Application\Common\Model\SchoolInformationModel.class.php 第 78 行.
NOTIC: [8] Undefined index: sex D:\phpStudy\WWW\server-php\Application\Common\Model\SchoolInformationModel.class.php 第 78 行.
NOTIC: [8] Undefined index:  D:\phpStudy\WWW\server-php\Application\Common\Model\SchoolInformationModel.class.php 第 78 行.
NOTIC: [8] Undefined index: sex D:\phpStudy\WWW\server-php\Application\Common\Model\SchoolInformationModel.class.php 第 78 行.
NOTIC: [8] Undefined index:  D:\phpStudy\WWW\server-php\Application\Common\Model\SchoolInformationModel.class.php 第 78 行.
NOTIC: [8] Undefined index: sex D:\phpStudy\WWW\server-php\Application\Common\Model\SchoolInformationModel.class.php 第 78 行.
NOTIC: [8] Undefined index:  D:\phpStudy\WWW\server-php\Application\Common\Model\SchoolInformationModel.class.php 第 78 行.
NOTIC: [8] Undefined index: sex D:\phpStudy\WWW\server-php\Application\Common\Model\SchoolInformationModel.class.php 第 78 行.
NOTIC: [8] Undefined index:  D:\phpStudy\WWW\server-php\Application\Common\Model\SchoolInformationModel.class.php 第 78 行.
NOTIC: [8] Undefined index: sex D:\phpStudy\WWW\server-php\Application\Common\Model\SchoolInformationModel.class.php 第 78 行.
NOTIC: [8] Undefined index:  D:\phpStudy\WWW\server-php\Application\Common\Model\SchoolInformationModel.class.php 第 78 行.
NOTIC: [8] Undefined index: sex D:\phpStudy\WWW\server-php\Application\Common\Model\SchoolInformationModel.class.php 第 78 行.
NOTIC: [8] Undefined index:  D:\phpStudy\WWW\server-php\Application\Common\Model\SchoolInformationModel.class.php 第 78 行.
NOTIC: [8] Undefined index: sex D:\phpStudy\WWW\server-php\Application\Common\Model\SchoolInformationModel.class.php 第 78 行.
NOTIC: [8] Undefined index:  D:\phpStudy\WWW\server-php\Application\Common\Model\SchoolInformationModel.class.php 第 78 行.
NOTIC: [8] Undefined index: sex D:\phpStudy\WWW\server-php\Application\Common\Model\SchoolInformationModel.class.php 第 78 行.
NOTIC: [8] Undefined index:  D:\phpStudy\WWW\server-php\Application\Common\Model\SchoolInformationModel.class.php 第 78 行.
NOTIC: [8] Undefined index: sex D:\phpStudy\WWW\server-php\Application\Common\Model\SchoolInformationModel.class.php 第 78 行.
NOTIC: [8] Undefined index:  D:\phpStudy\WWW\server-php\Application\Common\Model\SchoolInformationModel.class.php 第 78 行.
NOTIC: [8] Undefined index: sex D:\phpStudy\WWW\server-php\Application\Common\Model\SchoolInformationModel.class.php 第 78 行.
NOTIC: [8] Undefined index:  D:\phpStudy\WWW\server-php\Application\Common\Model\SchoolInformationModel.class.php 第 78 行.
NOTIC: [8] Undefined index: sex D:\phpStudy\WWW\server-php\Application\Common\Model\SchoolInformationModel.class.php 第 78 行.
NOTIC: [8] Undefined index:  D:\phpStudy\WWW\server-php\Application\Common\Model\SchoolInformationModel.class.php 第 78 行.
NOTIC: [8] Undefined index: sex D:\phpStudy\WWW\server-php\Application\Common\Model\SchoolInformationModel.class.php 第 78 行.
NOTIC: [8] Undefined index:  D:\phpStudy\WWW\server-php\Application\Common\Model\SchoolInformationModel.class.php 第 78 行.
NOTIC: [8] Undefined index: sex D:\phpStudy\WWW\server-php\Application\Common\Model\SchoolInformationModel.class.php 第 78 行.
NOTIC: [8] Undefined index:  D:\phpStudy\WWW\server-php\Application\Common\Model\SchoolInformationModel.class.php 第 78 行.
NOTIC: [8] Undefined index: sex D:\phpStudy\WWW\server-php\Application\Common\Model\SchoolInformationModel.class.php 第 78 行.
NOTIC: [8] Undefined index:  D:\phpStudy\WWW\server-php\Application\Common\Model\SchoolInformationModel.class.php 第 78 行.
NOTIC: [8] Undefined index: sex D:\phpStudy\WWW\server-php\Application\Common\Model\SchoolInformationModel.class.php 第 78 行.
NOTIC: [8] Undefined index:  D:\phpStudy\WWW\server-php\Application\Common\Model\SchoolInformationModel.class.php 第 78 行.
NOTIC: [8] Undefined index: sex D:\phpStudy\WWW\server-php\Application\Common\Model\SchoolInformationModel.class.php 第 78 行.
NOTIC: [8] Undefined index:  D:\phpStudy\WWW\server-php\Application\Common\Model\SchoolInformationModel.class.php 第 78 行.
NOTIC: [8] Undefined index: sex D:\phpStudy\WWW\server-php\Application\Common\Model\SchoolInformationModel.class.php 第 78 行.
NOTIC: [8] Undefined index:  D:\phpStudy\WWW\server-php\Application\Common\Model\SchoolInformationModel.class.php 第 78 行.
NOTIC: [8] Undefined index: sex D:\phpStudy\WWW\server-php\Application\Common\Model\SchoolInformationModel.class.php 第 78 行.
NOTIC: [8] Undefined index:  D:\phpStudy\WWW\server-php\Application\Common\Model\SchoolInformationModel.class.php 第 78 行.
NOTIC: [8] Undefined index: sex D:\phpStudy\WWW\server-php\Application\Common\Model\SchoolInformationModel.class.php 第 78 行.
NOTIC: [8] Undefined index:  D:\phpStudy\WWW\server-php\Application\Common\Model\SchoolInformationModel.class.php 第 78 行.
NOTIC: [8] Undefined index: sex D:\phpStudy\WWW\server-php\Application\Common\Model\SchoolInformationModel.class.php 第 78 行.
NOTIC: [8] Undefined index:  D:\phpStudy\WWW\server-php\Application\Common\Model\SchoolInformationModel.class.php 第 78 行.
NOTIC: [8] Undefined index: sex D:\phpStudy\WWW\server-php\Application\Common\Model\SchoolInformationModel.class.php 第 78 行.
NOTIC: [8] Undefined index:  D:\phpStudy\WWW\server-php\Application\Common\Model\SchoolInformationModel.class.php 第 78 行.
NOTIC: [8] Undefined index: sex D:\phpStudy\WWW\server-php\Application\Common\Model\SchoolInformationModel.class.php 第 78 行.
NOTIC: [8] Undefined index:  D:\phpStudy\WWW\server-php\Application\Common\Model\SchoolInformationModel.class.php 第 78 行.
NOTIC: [8] Undefined index: sex D:\phpStudy\WWW\server-php\Application\Common\Model\SchoolInformationModel.class.php 第 78 行.
NOTIC: [8] Undefined index:  D:\phpStudy\WWW\server-php\Application\Common\Model\SchoolInformationModel.class.php 第 78 行.
NOTIC: [8] Undefined index: sex D:\phpStudy\WWW\server-php\Application\Common\Model\SchoolInformationModel.class.php 第 78 行.
NOTIC: [8] Undefined index:  D:\phpStudy\WWW\server-php\Application\Common\Model\SchoolInformationModel.class.php 第 78 行.
NOTIC: [8] Undefined index: sex D:\phpStudy\WWW\server-php\Application\Common\Model\SchoolInformationModel.class.php 第 78 行.
NOTIC: [8] Undefined index:  D:\phpStudy\WWW\server-php\Application\Common\Model\SchoolInformationModel.class.php 第 78 行.
NOTIC: [8] Undefined index: sex D:\phpStudy\WWW\server-php\Application\Common\Model\SchoolInformationModel.class.php 第 78 行.
NOTIC: [8] Undefined index:  D:\phpStudy\WWW\server-php\Application\Common\Model\SchoolInformationModel.class.php 第 78 行.
NOTIC: [8] Undefined index: sex D:\phpStudy\WWW\server-php\Application\Common\Model\SchoolInformationModel.class.php 第 78 行.
NOTIC: [8] Undefined index:  D:\phpStudy\WWW\server-php\Application\Common\Model\SchoolInformationModel.class.php 第 78 行.
NOTIC: [8] Undefined index: sex D:\phpStudy\WWW\server-php\Application\Common\Model\SchoolInformationModel.class.php 第 78 行.
NOTIC: [8] Undefined index:  D:\phpStudy\WWW\server-php\Application\Common\Model\SchoolInformationModel.class.php 第 78 行.
NOTIC: [8] Undefined index: sex D:\phpStudy\WWW\server-php\Application\Common\Model\SchoolInformationModel.class.php 第 78 行.
NOTIC: [8] Undefined index:  D:\phpStudy\WWW\server-php\Application\Common\Model\SchoolInformationModel.class.php 第 78 行.
NOTIC: [8] Undefined index: sex D:\phpStudy\WWW\server-php\Application\Common\Model\SchoolInformationModel.class.php 第 78 行.
NOTIC: [8] Undefined index:  D:\phpStudy\WWW\server-php\Application\Common\Model\SchoolInformationModel.class.php 第 78 行.
NOTIC: [8] Undefined index: sex D:\phpStudy\WWW\server-php\Application\Common\Model\SchoolInformationModel.class.php 第 78 行.
NOTIC: [8] Undefined index:  D:\phpStudy\WWW\server-php\Application\Common\Model\SchoolInformationModel.class.php 第 78 行.
NOTIC: [8] Undefined index: sex D:\phpStudy\WWW\server-php\Application\Common\Model\SchoolInformationModel.class.php 第 78 行.
NOTIC: [8] Undefined index:  D:\phpStudy\WWW\server-php\Application\Common\Model\SchoolInformationModel.class.php 第 78 行.
NOTIC: [8] Undefined index: sex D:\phpStudy\WWW\server-php\Application\Common\Model\SchoolInformationModel.class.php 第 78 行.
NOTIC: [8] Undefined index:  D:\phpStudy\WWW\server-php\Application\Common\Model\SchoolInformationModel.class.php 第 78 行.
NOTIC: [8] Undefined index: sex D:\phpStudy\WWW\server-php\Application\Common\Model\SchoolInformationModel.class.php 第 78 行.
NOTIC: [8] Undefined index:  D:\phpStudy\WWW\server-php\Application\Common\Model\SchoolInformationModel.class.php 第 78 行.
NOTIC: [8] Undefined index: sex D:\phpStudy\WWW\server-php\Application\Common\Model\SchoolInformationModel.class.php 第 78 行.
NOTIC: [8] Undefined index:  D:\phpStudy\WWW\server-php\Application\Common\Model\SchoolInformationModel.class.php 第 78 行.
NOTIC: [8] Undefined index: sex D:\phpStudy\WWW\server-php\Application\Common\Model\SchoolInformationModel.class.php 第 78 行.
NOTIC: [8] Undefined index:  D:\phpStudy\WWW\server-php\Application\Common\Model\SchoolInformationModel.class.php 第 78 行.
NOTIC: [8] Undefined index: sex D:\phpStudy\WWW\server-php\Application\Common\Model\SchoolInformationModel.class.php 第 78 行.
NOTIC: [8] Undefined index:  D:\phpStudy\WWW\server-php\Application\Common\Model\SchoolInformationModel.class.php 第 78 行.
NOTIC: [8] Undefined index: sex D:\phpStudy\WWW\server-php\Application\Common\Model\SchoolInformationModel.class.php 第 78 行.
NOTIC: [8] Undefined index:  D:\phpStudy\WWW\server-php\Application\Common\Model\SchoolInformationModel.class.php 第 78 行.
NOTIC: [8] Undefined index: sex D:\phpStudy\WWW\server-php\Application\Common\Model\SchoolInformationModel.class.php 第 78 行.
NOTIC: [8] Undefined index:  D:\phpStudy\WWW\server-php\Application\Common\Model\SchoolInformationModel.class.php 第 78 行.
NOTIC: [8] Undefined index: sex D:\phpStudy\WWW\server-php\Application\Common\Model\SchoolInformationModel.class.php 第 78 行.
NOTIC: [8] Undefined index:  D:\phpStudy\WWW\server-php\Application\Common\Model\SchoolInformationModel.class.php 第 78 行.
NOTIC: [8] Undefined index: sex D:\phpStudy\WWW\server-php\Application\Common\Model\SchoolInformationModel.class.php 第 78 行.
NOTIC: [8] Undefined index:  D:\phpStudy\WWW\server-php\Application\Common\Model\SchoolInformationModel.class.php 第 78 行.
NOTIC: [8] Undefined index: sex D:\phpStudy\WWW\server-php\Application\Common\Model\SchoolInformationModel.class.php 第 78 行.
NOTIC: [8] Undefined index:  D:\phpStudy\WWW\server-php\Application\Common\Model\SchoolInformationModel.class.php 第 78 行.

