[ 2018-03-06T10:34:13+08:00 ] 127.0.0.1 /index.php/Api/Parent/Message/index
INFO: [ app_init ] --START--
INFO: Run Behavior\BuildLiteBehavior [ RunTime:0.000000s ]
INFO: [ app_init ] --END-- [ RunTime:0.000000s ]
INFO: [ app_begin ] --START--
INFO: Run Behavior\ReadHtmlCacheBehavior [ RunTime:0.010000s ]
INFO: [ app_begin ] --END-- [ RunTime:0.010000s ]
NOTIC: [8192] mysql_connect(): The mysql extension is deprecated and will be removed in the future: use mysqli or PDO instead D:\phpStudy\WWW\server-php\ThinkPHP\Library\Think\Session\Driver\Db.class.php 第 95 行.
ERR: 无法加载控制器:Parent/Message

[ 2018-03-06T10:34:20+08:00 ] 127.0.0.1 /index.php/Api
INFO: [ app_init ] --START--
INFO: Run Behavior\BuildLiteBehavior [ RunTime:0.000000s ]
INFO: [ app_init ] --END-- [ RunTime:0.000000s ]
INFO: [ app_begin ] --START--
INFO: Run Behavior\ReadHtmlCacheBehavior [ RunTime:0.000000s ]
INFO: [ app_begin ] --END-- [ RunTime:0.000000s ]
NOTIC: [8192] mysql_connect(): The mysql extension is deprecated and will be removed in the future: use mysqli or PDO instead D:\phpStudy\WWW\server-php\ThinkPHP\Library\Think\Session\Driver\Db.class.php 第 95 行.
ERR: 无法加载控制器:Index

[ 2018-03-06T04:41:55+00:00 ] 127.0.0.1 /index.php/Api/Order/getElifeTelephoneInfo
INFO: [ app_init ] --START--
INFO: Run Behavior\BuildLiteBehavior [ RunTime:0.000000s ]
INFO: [ app_init ] --END-- [ RunTime:0.000000s ]
INFO: [ app_begin ] --START--
INFO: Run Behavior\ReadHtmlCacheBehavior [ RunTime:0.000000s ]
INFO: [ app_begin ] --END-- [ RunTime:0.000000s ]
NOTIC: [8192] mysql_connect(): The mysql extension is deprecated and will be removed in the future: use mysqli or PDO instead D:\phpStudy\WWW\server-php\ThinkPHP\Library\Think\Session\Driver\Db.class.php 第 95 行.
NOTIC: [8] Undefined index: security_key D:\phpStudy\WWW\server-php\Application\Api\Controller\BaseController.class.php 第 129 行.

[ 2018-03-06T04:42:04+00:00 ] 127.0.0.1 /index.php/Api/Order/getOrder
INFO: [ app_init ] --START--
INFO: Run Behavior\BuildLiteBehavior [ RunTime:0.000000s ]
INFO: [ app_init ] --END-- [ RunTime:0.001000s ]
INFO: [ app_begin ] --START--
INFO: Run Behavior\ReadHtmlCacheBehavior [ RunTime:0.001000s ]
INFO: [ app_begin ] --END-- [ RunTime:0.001000s ]
NOTIC: [8192] mysql_connect(): The mysql extension is deprecated and will be removed in the future: use mysqli or PDO instead D:\phpStudy\WWW\server-php\ThinkPHP\Library\Think\Session\Driver\Db.class.php 第 95 行.
NOTIC: [8] Undefined index: security_key D:\phpStudy\WWW\server-php\Application\Api\Controller\BaseController.class.php 第 129 行.
NOTIC: [8] Undefined index: user_id D:\phpStudy\WWW\server-php\Application\Api\Controller\BaseController.class.php 第 104 行.
SQL: SHOW COLUMNS FROM `think_user` [ RunTime:0.0080s ]
SQL: SELECT `username` FROM `think_user` WHERE ( user_id = '8' ) LIMIT 1   [ RunTime:0.0070s ]
SQL: SHOW COLUMNS FROM `sch_deal_order` [ RunTime:0.0080s ]
SQL: INSERT INTO `sch_deal_order` (`user_id`,`user_name`,`deal_price`,`inprice`,`item_id`,`total_price`,`memo`,`payment_id`,`deal_name`,`type`,`create_time`) VALUES ('8','admin','10','','0','10','15210217123','1','话费充值','2','2018-03-06 12:42:03') [ RunTime:0.0080s ]
SQL: SHOW COLUMNS FROM `sch_payment_notice` [ RunTime:0.0080s ]
SQL: INSERT INTO `sch_payment_notice` (`notice_sn`,`create_time`,`order_id`,`user_id`,`payment_id`,`memo`,`money`) VALUES ('2018030698555656','2018-03-06 12:42:03','1280','8','1','15210217123','10') [ RunTime:0.0070s ]

[ 2018-03-06T04:42:05+00:00 ] 127.0.0.1 /index.php/Api/Order/getOrder
INFO: [ app_init ] --START--
INFO: Run Behavior\BuildLiteBehavior [ RunTime:0.000000s ]
INFO: [ app_init ] --END-- [ RunTime:0.000000s ]
INFO: [ app_begin ] --START--
INFO: Run Behavior\ReadHtmlCacheBehavior [ RunTime:0.001000s ]
INFO: [ app_begin ] --END-- [ RunTime:0.001000s ]
NOTIC: [8192] mysql_connect(): The mysql extension is deprecated and will be removed in the future: use mysqli or PDO instead D:\phpStudy\WWW\server-php\ThinkPHP\Library\Think\Session\Driver\Db.class.php 第 95 行.
NOTIC: [8] Undefined index: security_key D:\phpStudy\WWW\server-php\Application\Api\Controller\BaseController.class.php 第 129 行.
NOTIC: [8] Undefined index: user_id D:\phpStudy\WWW\server-php\Application\Api\Controller\BaseController.class.php 第 104 行.
SQL: SHOW COLUMNS FROM `think_user` [ RunTime:0.0070s ]
SQL: SELECT `username` FROM `think_user` WHERE ( user_id = '8' ) LIMIT 1   [ RunTime:0.0050s ]
SQL: SHOW COLUMNS FROM `sch_deal_order` [ RunTime:0.0080s ]
SQL: INSERT INTO `sch_deal_order` (`user_id`,`user_name`,`deal_price`,`inprice`,`item_id`,`total_price`,`memo`,`payment_id`,`deal_name`,`type`,`create_time`) VALUES ('8','admin','10','','0','10','15210217123','1','话费充值','2','2018-03-06 12:42:05') [ RunTime:0.0060s ]
SQL: SHOW COLUMNS FROM `sch_payment_notice` [ RunTime:0.0070s ]
SQL: INSERT INTO `sch_payment_notice` (`notice_sn`,`create_time`,`order_id`,`user_id`,`payment_id`,`memo`,`money`) VALUES ('2018030610054559','2018-03-06 12:42:05','1281','8','1','15210217123','10') [ RunTime:0.0060s ]

[ 2018-03-06T04:42:13+00:00 ] 127.0.0.1 /index.php/Api/Order/getOrder
INFO: [ app_init ] --START--
INFO: Run Behavior\BuildLiteBehavior [ RunTime:0.000000s ]
INFO: [ app_init ] --END-- [ RunTime:0.000000s ]
INFO: [ app_begin ] --START--
INFO: Run Behavior\ReadHtmlCacheBehavior [ RunTime:0.001000s ]
INFO: [ app_begin ] --END-- [ RunTime:0.001000s ]
NOTIC: [8192] mysql_connect(): The mysql extension is deprecated and will be removed in the future: use mysqli or PDO instead D:\phpStudy\WWW\server-php\ThinkPHP\Library\Think\Session\Driver\Db.class.php 第 95 行.
NOTIC: [8] Undefined index: security_key D:\phpStudy\WWW\server-php\Application\Api\Controller\BaseController.class.php 第 129 行.
NOTIC: [8] Undefined index: user_id D:\phpStudy\WWW\server-php\Application\Api\Controller\BaseController.class.php 第 104 行.
SQL: SHOW COLUMNS FROM `think_user` [ RunTime:0.0070s ]
SQL: SELECT `username` FROM `think_user` WHERE ( user_id = '8' ) LIMIT 1   [ RunTime:0.0060s ]
SQL: SHOW COLUMNS FROM `sch_deal_order` [ RunTime:0.0070s ]
SQL: INSERT INTO `sch_deal_order` (`user_id`,`user_name`,`deal_price`,`inprice`,`item_id`,`total_price`,`memo`,`payment_id`,`deal_name`,`type`,`create_time`) VALUES ('8','admin','10','','0','10','15210217123','1','话费充值','2','2018-03-06 12:42:12') [ RunTime:0.0070s ]
SQL: SHOW COLUMNS FROM `sch_payment_notice` [ RunTime:0.0070s ]
SQL: INSERT INTO `sch_payment_notice` (`notice_sn`,`create_time`,`order_id`,`user_id`,`payment_id`,`memo`,`money`) VALUES ('2018030653505098','2018-03-06 12:42:12','1282','8','1','15210217123','10') [ RunTime:0.0060s ]

[ 2018-03-06T04:42:14+00:00 ] 127.0.0.1 /index.php/Api/Order/getOrder
INFO: [ app_init ] --START--
INFO: Run Behavior\BuildLiteBehavior [ RunTime:0.000000s ]
INFO: [ app_init ] --END-- [ RunTime:0.001000s ]
INFO: [ app_begin ] --START--
INFO: Run Behavior\ReadHtmlCacheBehavior [ RunTime:0.000000s ]
INFO: [ app_begin ] --END-- [ RunTime:0.001000s ]
NOTIC: [8192] mysql_connect(): The mysql extension is deprecated and will be removed in the future: use mysqli or PDO instead D:\phpStudy\WWW\server-php\ThinkPHP\Library\Think\Session\Driver\Db.class.php 第 95 行.
NOTIC: [8] Undefined index: security_key D:\phpStudy\WWW\server-php\Application\Api\Controller\BaseController.class.php 第 129 行.
NOTIC: [8] Undefined index: user_id D:\phpStudy\WWW\server-php\Application\Api\Controller\BaseController.class.php 第 104 行.
SQL: SHOW COLUMNS FROM `think_user` [ RunTime:0.0080s ]
SQL: SELECT `username` FROM `think_user` WHERE ( user_id = '8' ) LIMIT 1   [ RunTime:0.0060s ]
SQL: SHOW COLUMNS FROM `sch_deal_order` [ RunTime:0.0070s ]
SQL: INSERT INTO `sch_deal_order` (`user_id`,`user_name`,`deal_price`,`inprice`,`item_id`,`total_price`,`memo`,`payment_id`,`deal_name`,`type`,`create_time`) VALUES ('8','admin','10','','0','10','15210217123','1','话费充值','2','2018-03-06 12:42:13') [ RunTime:0.0050s ]
SQL: SHOW COLUMNS FROM `sch_payment_notice` [ RunTime:0.0070s ]
SQL: INSERT INTO `sch_payment_notice` (`notice_sn`,`create_time`,`order_id`,`user_id`,`payment_id`,`memo`,`money`) VALUES ('2018030653100575','2018-03-06 12:42:13','1283','8','1','15210217123','10') [ RunTime:0.0050s ]

[ 2018-03-06T04:42:14+00:00 ] 127.0.0.1 /index.php/Api/Order/getOrder
INFO: [ app_init ] --START--
INFO: Run Behavior\BuildLiteBehavior [ RunTime:0.000000s ]
INFO: [ app_init ] --END-- [ RunTime:0.001000s ]
INFO: [ app_begin ] --START--
INFO: Run Behavior\ReadHtmlCacheBehavior [ RunTime:0.001000s ]
INFO: [ app_begin ] --END-- [ RunTime:0.001000s ]
NOTIC: [8192] mysql_connect(): The mysql extension is deprecated and will be removed in the future: use mysqli or PDO instead D:\phpStudy\WWW\server-php\ThinkPHP\Library\Think\Session\Driver\Db.class.php 第 95 行.
NOTIC: [8] Undefined index: security_key D:\phpStudy\WWW\server-php\Application\Api\Controller\BaseController.class.php 第 129 行.
NOTIC: [8] Undefined index: user_id D:\phpStudy\WWW\server-php\Application\Api\Controller\BaseController.class.php 第 104 行.
SQL: SHOW COLUMNS FROM `think_user` [ RunTime:0.0070s ]
SQL: SELECT `username` FROM `think_user` WHERE ( user_id = '8' ) LIMIT 1   [ RunTime:0.0060s ]
SQL: SHOW COLUMNS FROM `sch_deal_order` [ RunTime:0.0070s ]
SQL: INSERT INTO `sch_deal_order` (`user_id`,`user_name`,`deal_price`,`inprice`,`item_id`,`total_price`,`memo`,`payment_id`,`deal_name`,`type`,`create_time`) VALUES ('8','admin','10','','0','10','15210217123','1','话费充值','2','2018-03-06 12:42:14') [ RunTime:0.0070s ]
SQL: SHOW COLUMNS FROM `sch_payment_notice` [ RunTime:0.0070s ]
SQL: INSERT INTO `sch_payment_notice` (`notice_sn`,`create_time`,`order_id`,`user_id`,`payment_id`,`memo`,`money`) VALUES ('2018030654565197','2018-03-06 12:42:14','1284','8','1','15210217123','10') [ RunTime:0.0060s ]

[ 2018-03-06T04:42:15+00:00 ] 127.0.0.1 /index.php/Api/Order/getOrder
INFO: [ app_init ] --START--
INFO: Run Behavior\BuildLiteBehavior [ RunTime:0.000000s ]
INFO: [ app_init ] --END-- [ RunTime:0.001000s ]
INFO: [ app_begin ] --START--
INFO: Run Behavior\ReadHtmlCacheBehavior [ RunTime:0.000000s ]
INFO: [ app_begin ] --END-- [ RunTime:0.000000s ]
NOTIC: [8192] mysql_connect(): The mysql extension is deprecated and will be removed in the future: use mysqli or PDO instead D:\phpStudy\WWW\server-php\ThinkPHP\Library\Think\Session\Driver\Db.class.php 第 95 行.
NOTIC: [8] Undefined index: security_key D:\phpStudy\WWW\server-php\Application\Api\Controller\BaseController.class.php 第 129 行.
NOTIC: [8] Undefined index: user_id D:\phpStudy\WWW\server-php\Application\Api\Controller\BaseController.class.php 第 104 行.
SQL: SHOW COLUMNS FROM `think_user` [ RunTime:0.0070s ]
SQL: SELECT `username` FROM `think_user` WHERE ( user_id = '8' ) LIMIT 1   [ RunTime:0.0050s ]
SQL: SHOW COLUMNS FROM `sch_deal_order` [ RunTime:0.0060s ]
SQL: INSERT INTO `sch_deal_order` (`user_id`,`user_name`,`deal_price`,`inprice`,`item_id`,`total_price`,`memo`,`payment_id`,`deal_name`,`type`,`create_time`) VALUES ('8','admin','10','','0','10','15210217123','1','话费充值','2','2018-03-06 12:42:14') [ RunTime:0.0050s ]
SQL: SHOW COLUMNS FROM `sch_payment_notice` [ RunTime:0.0060s ]
SQL: INSERT INTO `sch_payment_notice` (`notice_sn`,`create_time`,`order_id`,`user_id`,`payment_id`,`memo`,`money`) VALUES ('2018030655514954','2018-03-06 12:42:14','1285','8','1','15210217123','10') [ RunTime:0.0060s ]

[ 2018-03-06T04:42:16+00:00 ] 127.0.0.1 /index.php/Api/Order/getOrder
INFO: [ app_init ] --START--
INFO: Run Behavior\BuildLiteBehavior [ RunTime:0.000000s ]
INFO: [ app_init ] --END-- [ RunTime:0.001000s ]
INFO: [ app_begin ] --START--
INFO: Run Behavior\ReadHtmlCacheBehavior [ RunTime:0.001000s ]
INFO: [ app_begin ] --END-- [ RunTime:0.001000s ]
NOTIC: [8192] mysql_connect(): The mysql extension is deprecated and will be removed in the future: use mysqli or PDO instead D:\phpStudy\WWW\server-php\ThinkPHP\Library\Think\Session\Driver\Db.class.php 第 95 行.
NOTIC: [8] Undefined index: security_key D:\phpStudy\WWW\server-php\Application\Api\Controller\BaseController.class.php 第 129 行.
NOTIC: [8] Undefined index: user_id D:\phpStudy\WWW\server-php\Application\Api\Controller\BaseController.class.php 第 104 行.
SQL: SHOW COLUMNS FROM `think_user` [ RunTime:0.0070s ]
SQL: SELECT `username` FROM `think_user` WHERE ( user_id = '8' ) LIMIT 1   [ RunTime:0.0050s ]
SQL: SHOW COLUMNS FROM `sch_deal_order` [ RunTime:0.0060s ]
SQL: INSERT INTO `sch_deal_order` (`user_id`,`user_name`,`deal_price`,`inprice`,`item_id`,`total_price`,`memo`,`payment_id`,`deal_name`,`type`,`create_time`) VALUES ('8','admin','10','','0','10','15210217123','1','话费充值','2','2018-03-06 12:42:15') [ RunTime:0.0050s ]
SQL: SHOW COLUMNS FROM `sch_payment_notice` [ RunTime:0.0070s ]
SQL: INSERT INTO `sch_payment_notice` (`notice_sn`,`create_time`,`order_id`,`user_id`,`payment_id`,`memo`,`money`) VALUES ('2018030655101559','2018-03-06 12:42:15','1286','8','1','15210217123','10') [ RunTime:0.0070s ]

[ 2018-03-06T04:42:16+00:00 ] 127.0.0.1 /index.php/Api/Order/getOrder
INFO: [ app_init ] --START--
INFO: Run Behavior\BuildLiteBehavior [ RunTime:0.000000s ]
INFO: [ app_init ] --END-- [ RunTime:0.001000s ]
INFO: [ app_begin ] --START--
INFO: Run Behavior\ReadHtmlCacheBehavior [ RunTime:0.000000s ]
INFO: [ app_begin ] --END-- [ RunTime:0.001000s ]
NOTIC: [8192] mysql_connect(): The mysql extension is deprecated and will be removed in the future: use mysqli or PDO instead D:\phpStudy\WWW\server-php\ThinkPHP\Library\Think\Session\Driver\Db.class.php 第 95 行.
NOTIC: [8] Undefined index: security_key D:\phpStudy\WWW\server-php\Application\Api\Controller\BaseController.class.php 第 129 行.
NOTIC: [8] Undefined index: user_id D:\phpStudy\WWW\server-php\Application\Api\Controller\BaseController.class.php 第 104 行.
SQL: SHOW COLUMNS FROM `think_user` [ RunTime:0.0090s ]
SQL: SELECT `username` FROM `think_user` WHERE ( user_id = '8' ) LIMIT 1   [ RunTime:0.0070s ]
SQL: SHOW COLUMNS FROM `sch_deal_order` [ RunTime:0.0070s ]
SQL: INSERT INTO `sch_deal_order` (`user_id`,`user_name`,`deal_price`,`inprice`,`item_id`,`total_price`,`memo`,`payment_id`,`deal_name`,`type`,`create_time`) VALUES ('8','admin','10','','0','10','15210217123','1','话费充值','2','2018-03-06 12:42:16') [ RunTime:0.0060s ]
SQL: SHOW COLUMNS FROM `sch_payment_notice` [ RunTime:0.0060s ]
SQL: INSERT INTO `sch_payment_notice` (`notice_sn`,`create_time`,`order_id`,`user_id`,`payment_id`,`memo`,`money`) VALUES ('2018030656975055','2018-03-06 12:42:16','1287','8','1','15210217123','10') [ RunTime:0.0060s ]

[ 2018-03-06T04:42:53+00:00 ] 127.0.0.1 /index.php/Api/MobileFlow/getItemList
INFO: [ app_init ] --START--
INFO: Run Behavior\BuildLiteBehavior [ RunTime:0.000000s ]
INFO: [ app_init ] --END-- [ RunTime:0.001000s ]
INFO: [ app_begin ] --START--
INFO: Run Behavior\ReadHtmlCacheBehavior [ RunTime:0.001000s ]
INFO: [ app_begin ] --END-- [ RunTime:0.001000s ]
NOTIC: [8192] mysql_connect(): The mysql extension is deprecated and will be removed in the future: use mysqli or PDO instead D:\phpStudy\WWW\server-php\ThinkPHP\Library\Think\Session\Driver\Db.class.php 第 95 行.

[ 2018-03-06T12:42:59+08:00 ] 127.0.0.1 /index.php/Api/Order/getOrder
INFO: [ app_init ] --START--
INFO: Run Behavior\BuildLiteBehavior [ RunTime:0.000000s ]
INFO: [ app_init ] --END-- [ RunTime:0.001000s ]
INFO: [ app_begin ] --START--
INFO: Run Behavior\ReadHtmlCacheBehavior [ RunTime:0.001000s ]
INFO: [ app_begin ] --END-- [ RunTime:0.001000s ]
NOTIC: [8192] mysql_connect(): The mysql extension is deprecated and will be removed in the future: use mysqli or PDO instead D:\phpStudy\WWW\server-php\ThinkPHP\Library\Think\Session\Driver\Db.class.php 第 95 行.
NOTIC: [8] Undefined index: security_key D:\phpStudy\WWW\server-php\Application\Api\Controller\BaseController.class.php 第 129 行.
NOTIC: [8] Undefined index: user_id D:\phpStudy\WWW\server-php\Application\Api\Controller\BaseController.class.php 第 104 行.
SQL: SHOW COLUMNS FROM `think_user` [ RunTime:0.0060s ]
SQL: SELECT `username` FROM `think_user` WHERE ( user_id = '8' ) LIMIT 1   [ RunTime:0.0040s ]
SQL: SHOW COLUMNS FROM `sch_deal_order` [ RunTime:0.0070s ]
SQL: INSERT INTO `sch_deal_order` (`user_id`,`user_name`,`deal_price`,`inprice`,`item_id`,`total_price`,`memo`,`payment_id`,`deal_name`,`type`,`create_time`) VALUES ('8','admin','0.01','','23175102','0.01','15210217123','1','流量充值','4','2018-03-06 12:42:59') [ RunTime:0.0050s ]
SQL: SHOW COLUMNS FROM `sch_payment_notice` [ RunTime:0.0060s ]
SQL: INSERT INTO `sch_payment_notice` (`notice_sn`,`create_time`,`order_id`,`user_id`,`payment_id`,`memo`,`money`) VALUES ('2018030651975451','2018-03-06 12:42:59','1288','8','1','15210217123','0.01') [ RunTime:0.0060s ]

[ 2018-03-06T12:43:45+08:00 ] 127.0.0.1 /index.php/Api/Hook/showAdShop
INFO: [ app_init ] --START--
INFO: Run Behavior\BuildLiteBehavior [ RunTime:0.000000s ]
INFO: [ app_init ] --END-- [ RunTime:0.001000s ]
INFO: [ app_begin ] --START--
INFO: Run Behavior\ReadHtmlCacheBehavior [ RunTime:0.001000s ]
INFO: [ app_begin ] --END-- [ RunTime:0.001000s ]
NOTIC: [8192] mysql_connect(): The mysql extension is deprecated and will be removed in the future: use mysqli or PDO instead D:\phpStudy\WWW\server-php\ThinkPHP\Library\Think\Session\Driver\Db.class.php 第 95 行.
SQL: SHOW COLUMNS FROM `sch_banner` [ RunTime:0.0080s ]
SQL: SELECT `img`,`url` FROM `sch_banner` WHERE `is_effect` = 1 AND `ad_type` = 3 AND `begin_time` < '2018-03-06 12:43:45' AND `end_time` > '2018-03-06 12:43:45'  [ RunTime:0.0070s ]
NOTIC: [8] Undefined index:  D:\phpStudy\WWW\server-php\Application\Api\Controller\HookController.class.php 第 493 行.
NOTIC: [8] Undefined index:  D:\phpStudy\WWW\server-php\Application\Api\Controller\HookController.class.php 第 494 行.

[ 2018-03-06T12:44:39+08:00 ] 127.0.0.1 /index.php/Api/Hook/showAdShop
INFO: [ app_init ] --START--
INFO: Run Behavior\BuildLiteBehavior [ RunTime:0.000000s ]
INFO: [ app_init ] --END-- [ RunTime:0.000000s ]
INFO: [ app_begin ] --START--
INFO: Run Behavior\ReadHtmlCacheBehavior [ RunTime:0.001000s ]
INFO: [ app_begin ] --END-- [ RunTime:0.001000s ]
NOTIC: [8192] mysql_connect(): The mysql extension is deprecated and will be removed in the future: use mysqli or PDO instead D:\phpStudy\WWW\server-php\ThinkPHP\Library\Think\Session\Driver\Db.class.php 第 95 行.
SQL: SHOW COLUMNS FROM `sch_banner` [ RunTime:0.0080s ]
SQL: SELECT `img`,`url` FROM `sch_banner` WHERE `is_effect` = 1 AND `ad_type` = 3 AND `begin_time` < '2018-03-06 12:44:39' AND `end_time` > '2018-03-06 12:44:39'  [ RunTime:0.0060s ]
NOTIC: [8] Undefined index:  D:\phpStudy\WWW\server-php\Application\Api\Controller\HookController.class.php 第 493 行.
NOTIC: [8] Undefined index:  D:\phpStudy\WWW\server-php\Application\Api\Controller\HookController.class.php 第 494 行.

[ 2018-03-06T12:45:19+08:00 ] 127.0.0.1 /index.php/Api/Hook/showAdShop
INFO: [ app_init ] --START--
INFO: Run Behavior\BuildLiteBehavior [ RunTime:0.000000s ]
INFO: [ app_init ] --END-- [ RunTime:0.000000s ]
INFO: [ app_begin ] --START--
INFO: Run Behavior\ReadHtmlCacheBehavior [ RunTime:0.001000s ]
INFO: [ app_begin ] --END-- [ RunTime:0.001000s ]
NOTIC: [8192] mysql_connect(): The mysql extension is deprecated and will be removed in the future: use mysqli or PDO instead D:\phpStudy\WWW\server-php\ThinkPHP\Library\Think\Session\Driver\Db.class.php 第 95 行.
SQL: SHOW COLUMNS FROM `sch_banner` [ RunTime:0.0090s ]
SQL: SELECT `img`,`url` FROM `sch_banner` WHERE `is_effect` = 1 AND `ad_type` = 3 AND `begin_time` < '2018-03-06 12:45:19' AND `end_time` > '2018-03-06 12:45:19'  [ RunTime:0.0080s ]
NOTIC: [8] Undefined index:  D:\phpStudy\WWW\server-php\Application\Api\Controller\HookController.class.php 第 493 行.
NOTIC: [8] Undefined index:  D:\phpStudy\WWW\server-php\Application\Api\Controller\HookController.class.php 第 494 行.

[ 2018-03-06T12:45:22+08:00 ] 127.0.0.1 /index.php/Api/Hook/showAdShop
INFO: [ app_init ] --START--
INFO: Run Behavior\BuildLiteBehavior [ RunTime:0.000000s ]
INFO: [ app_init ] --END-- [ RunTime:0.001000s ]
INFO: [ app_begin ] --START--
INFO: Run Behavior\ReadHtmlCacheBehavior [ RunTime:0.001000s ]
INFO: [ app_begin ] --END-- [ RunTime:0.001000s ]
NOTIC: [8192] mysql_connect(): The mysql extension is deprecated and will be removed in the future: use mysqli or PDO instead D:\phpStudy\WWW\server-php\ThinkPHP\Library\Think\Session\Driver\Db.class.php 第 95 行.
SQL: SHOW COLUMNS FROM `sch_banner` [ RunTime:0.0080s ]
SQL: SELECT `img`,`url` FROM `sch_banner` WHERE `is_effect` = 1 AND `ad_type` = 3 AND `begin_time` < '2018-03-06 12:45:22' AND `end_time` > '2018-03-06 12:45:22'  [ RunTime:0.0070s ]
NOTIC: [8] Undefined index:  D:\phpStudy\WWW\server-php\Application\Api\Controller\HookController.class.php 第 493 行.
NOTIC: [8] Undefined index:  D:\phpStudy\WWW\server-php\Application\Api\Controller\HookController.class.php 第 494 行.

[ 2018-03-06T12:46:40+08:00 ] 127.0.0.1 /index.php/Api/Hook/showAdShop
INFO: [ app_init ] --START--
INFO: Run Behavior\BuildLiteBehavior [ RunTime:0.000000s ]
INFO: [ app_init ] --END-- [ RunTime:0.000000s ]
INFO: [ app_begin ] --START--
INFO: Run Behavior\ReadHtmlCacheBehavior [ RunTime:0.000000s ]
INFO: [ app_begin ] --END-- [ RunTime:0.000000s ]
NOTIC: [8192] mysql_connect(): The mysql extension is deprecated and will be removed in the future: use mysqli or PDO instead D:\phpStudy\WWW\server-php\ThinkPHP\Library\Think\Session\Driver\Db.class.php 第 95 行.
SQL: SHOW COLUMNS FROM `sch_banner` [ RunTime:0.0080s ]
SQL: SELECT `img`,`url` FROM `sch_banner` WHERE `is_effect` = 1 AND `ad_type` = 3 AND `begin_time` < '2018-03-06 12:46:40' AND `end_time` > '2018-03-06 12:46:40'  [ RunTime:0.0050s ]
NOTIC: [8] Undefined index:  D:\phpStudy\WWW\server-php\Application\Api\Controller\HookController.class.php 第 493 行.
NOTIC: [8] Undefined index:  D:\phpStudy\WWW\server-php\Application\Api\Controller\HookController.class.php 第 494 行.

